2020-05-21 16:25:02,654 INFO o.a.j.u.JMeterUtils: Setting Locale to en_EN
2020-05-21 16:25:02,693 INFO o.a.j.JMeter: Loading user properties from: user.properties
2020-05-21 16:25:02,696 INFO o.a.j.JMeter: Loading system properties from: /usr/local/Cellar/jmeter/5.3/bin/system.properties
2020-05-21 16:25:02,699 INFO o.a.j.JMeter: Copyright (c) 1998-2020 The Apache Software Foundation
2020-05-21 16:25:02,699 INFO o.a.j.JMeter: Version 5.3
2020-05-21 16:25:02,700 INFO o.a.j.JMeter: java.version=11.0.4
2020-05-21 16:25:02,700 INFO o.a.j.JMeter: java.vm.name=Java HotSpot(TM) 64-Bit Server VM
2020-05-21 16:25:02,700 INFO o.a.j.JMeter: os.name=Mac OS X
2020-05-21 16:25:02,700 INFO o.a.j.JMeter: os.arch=x86_64
2020-05-21 16:25:02,700 INFO o.a.j.JMeter: os.version=10.14.6
2020-05-21 16:25:02,700 INFO o.a.j.JMeter: file.encoding=UTF-8
2020-05-21 16:25:02,700 INFO o.a.j.JMeter: java.awt.headless=null
2020-05-21 16:25:02,700 INFO o.a.j.JMeter: Max memory     =1073741824
2020-05-21 16:25:02,701 INFO o.a.j.JMeter: Available Processors =8
2020-05-21 16:25:02,715 INFO o.a.j.JMeter: Default Locale=English (EN)
2020-05-21 16:25:02,715 INFO o.a.j.JMeter: JMeter  Locale=English (EN)
2020-05-21 16:25:02,715 INFO o.a.j.JMeter: JMeterHome=/usr/local/Cellar/jmeter/5.3
2020-05-21 16:25:02,716 INFO o.a.j.JMeter: user.dir  =/Users/carlos/Workshops/api_loadtest/jmeter_scripts
2020-05-21 16:25:02,716 INFO o.a.j.JMeter: PWD       =/Users/carlos/Workshops/api_loadtest/jmeter_scripts
2020-05-21 16:25:02,718 INFO o.a.j.JMeter: IP: 192.168.1.17 Name: WITSC02W6082HTD FullName: 192.168.1.17
2020-05-21 16:25:03,303 INFO o.a.j.JMeter: Setting LAF to: laf:com.apple.laf.AquaLookAndFeel
2020-05-21 16:25:05,039 INFO o.a.j.JMeter: Loaded icon properties from org/apache/jmeter/images/icon.properties
2020-05-21 16:25:06,599 INFO o.j.r.JARSourceHTTP: Found cached repo
2020-05-21 16:25:06,797 INFO o.j.r.PluginManager: Plugins Status: [jpgc-graphs-basic=2.0, jpgc-casutg=2.9, jpgc-dummy=0.4, jpgc-plugins-manager=1.4, jmeter-core=5.3, jmeter-ftp=5.3, jmeter-http=5.3, jmeter-jdbc=5.3, jmeter-jms=5.3, jmeter-junit=5.3, jmeter-java=5.3, jmeter-ldap=5.3, jmeter-mail=5.3, jmeter-mongodb=5.3, jmeter-native=5.3, jmeter-tcp=5.3, jmeter-components=5.3]
2020-05-21 16:25:15,955 INFO o.a.j.s.FileServer: Default base='/Users/carlos/Workshops/api_loadtest/jmeter_scripts'
2020-05-21 16:25:15,959 INFO o.a.j.g.a.Load: Loading file: /Users/carlos/Workshops/api_loadtest/jmeter_scripts/basic_studentservice_loadtest.jmx
2020-05-21 16:25:15,959 INFO o.a.j.s.FileServer: Set new base='/Users/carlos/Workshops/api_loadtest/jmeter_scripts'
2020-05-21 16:25:16,121 INFO o.a.j.s.SaveService: Testplan (JMX) version: 2.2. Testlog (JTL) version: 2.2
2020-05-21 16:25:16,139 INFO o.a.j.s.SaveService: Using SaveService properties version 5.0
2020-05-21 16:25:16,140 INFO o.a.j.s.SaveService: Using SaveService properties file encoding UTF-8
2020-05-21 16:25:16,143 INFO o.a.j.s.SaveService: Loading file: /Users/carlos/Workshops/api_loadtest/jmeter_scripts/basic_studentservice_loadtest.jmx
2020-05-21 16:25:16,301 INFO o.a.j.p.h.s.HTTPSamplerBase: Parser for text/html is org.apache.jmeter.protocol.http.parser.LagartoBasedHtmlParser
2020-05-21 16:25:16,301 INFO o.a.j.p.h.s.HTTPSamplerBase: Parser for application/xhtml+xml is org.apache.jmeter.protocol.http.parser.LagartoBasedHtmlParser
2020-05-21 16:25:16,302 INFO o.a.j.p.h.s.HTTPSamplerBase: Parser for application/xml is org.apache.jmeter.protocol.http.parser.LagartoBasedHtmlParser
2020-05-21 16:25:16,302 INFO o.a.j.p.h.s.HTTPSamplerBase: Parser for text/xml is org.apache.jmeter.protocol.http.parser.LagartoBasedHtmlParser
2020-05-21 16:25:16,302 INFO o.a.j.p.h.s.HTTPSamplerBase: Parser for text/vnd.wap.wml is org.apache.jmeter.protocol.http.parser.RegexpHTMLParser
2020-05-21 16:25:16,302 INFO o.a.j.p.h.s.HTTPSamplerBase: Parser for text/css is org.apache.jmeter.protocol.http.parser.CssParser
2020-05-21 16:25:16,508 INFO o.a.j.s.SampleResult: Note: Sample TimeStamps are START times
2020-05-21 16:25:16,508 INFO o.a.j.s.SampleResult: sampleresult.default.encoding is set to ISO-8859-1
2020-05-21 16:25:16,508 INFO o.a.j.s.SampleResult: sampleresult.useNanoTime=true
2020-05-21 16:25:16,508 INFO o.a.j.s.SampleResult: sampleresult.nanoThreadSleep=5000
2020-05-21 16:25:16,780 INFO o.a.j.v.ViewResultsFullVisualizer: Add JavaFX to your Java installation if you want to use renderer: org.apache.jmeter.visualizers.RenderInBrowser
2020-05-21 16:25:17,004 INFO o.a.j.s.FileServer: Set new base='/Users/carlos/Workshops/api_loadtest/jmeter_scripts'
2020-05-21 16:25:47,191 INFO o.a.j.g.a.v.TreeClonerForValidation: Running validation with number of threads:1, ignoreTimers:true, number of iterations:1
2020-05-21 16:25:47,196 INFO o.a.j.e.StandardJMeterEngine: Running the test!
2020-05-21 16:25:47,197 INFO o.a.j.s.SampleEvent: List of sample_variables: []
2020-05-21 16:25:47,198 INFO o.a.j.s.SampleEvent: List of sample_variables: []
2020-05-21 16:25:47,202 INFO o.a.j.e.u.CompoundVariable: Note: Function class names must contain the string: '.functions.'
2020-05-21 16:25:47,202 INFO o.a.j.e.u.CompoundVariable: Note: Function class names must not contain the string: '.gui.'
2020-05-21 16:25:47,694 INFO o.a.j.g.u.JMeterMenuBar: setRunning(true, *local*)
2020-05-21 16:25:47,744 INFO o.a.j.e.StandardJMeterEngine: Starting ThreadGroup: 1 : Thread Group
2020-05-21 16:25:47,744 INFO o.a.j.e.StandardJMeterEngine: Starting 1 threads for group Thread Group.
2020-05-21 16:25:47,745 INFO o.a.j.e.StandardJMeterEngine: Thread will continue on error
2020-05-21 16:25:47,745 INFO o.a.j.t.ThreadGroup: Starting thread group... number=1 threads=1 ramp-up=5 delayedStart=false
2020-05-21 16:25:47,752 INFO o.a.j.t.ThreadGroup: Started thread group number 1
2020-05-21 16:25:47,753 INFO o.a.j.e.StandardJMeterEngine: All thread groups have been started
2020-05-21 16:25:47,753 INFO o.a.j.t.JMeterThread: Thread started: Thread Group 1-1
2020-05-21 16:25:47,761 INFO o.a.j.p.h.s.HTTPHCAbstractImpl: Local host = WITSC02W6082HTD
2020-05-21 16:25:47,767 INFO o.a.j.p.h.s.HTTPHC4Impl: HTTP request retry count = 0
2020-05-21 16:25:48,022 INFO o.a.j.t.JMeterThread: Thread is done: Thread Group 1-1
2020-05-21 16:25:48,022 INFO o.a.j.t.JMeterThread: Thread finished: Thread Group 1-1
2020-05-21 16:25:48,023 INFO o.a.j.e.StandardJMeterEngine: Notifying test listeners of end of test
2020-05-21 16:25:48,024 INFO o.a.j.g.u.JMeterMenuBar: setRunning(false, *local*)
2020-05-21 16:27:17,151 INFO o.a.j.v.ViewResultsFullVisualizer: Add JavaFX to your Java installation if you want to use renderer: org.apache.jmeter.visualizers.RenderInBrowser
2020-05-21 16:27:17,184 INFO o.a.j.g.a.Load: Loading file: /Users/carlos/Workshops/api_loadtest/jmeter_scripts/student_service_load_test.jmx
2020-05-21 16:27:17,184 INFO o.a.j.s.FileServer: Set new base='/Users/carlos/Workshops/api_loadtest/jmeter_scripts'
2020-05-21 16:27:17,185 INFO o.a.j.s.SaveService: Loading file: /Users/carlos/Workshops/api_loadtest/jmeter_scripts/student_service_load_test.jmx
2020-05-21 16:27:17,283 INFO o.a.j.v.ViewResultsFullVisualizer: Add JavaFX to your Java installation if you want to use renderer: org.apache.jmeter.visualizers.RenderInBrowser
2020-05-21 16:27:17,322 INFO o.a.j.s.FileServer: Set new base='/Users/carlos/Workshops/api_loadtest/jmeter_scripts'
