2020-04-19 22:30:09,323 INFO o.a.j.u.JMeterUtils: Setting Locale to en_EN
2020-04-19 22:30:09,360 INFO o.a.j.JMeter: Loading user properties from: /usr/local/Cellar/jmeter/5.2/bin/user.properties
2020-04-19 22:30:09,361 INFO o.a.j.JMeter: Loading system properties from: /usr/local/Cellar/jmeter/5.2/bin/system.properties
2020-04-19 22:30:09,363 INFO o.a.j.JMeter: Copyright (c) 1998-2019 The Apache Software Foundation
2020-04-19 22:30:09,363 INFO o.a.j.JMeter: Version 5.2
2020-04-19 22:30:09,363 INFO o.a.j.JMeter: java.version=11.0.4
2020-04-19 22:30:09,363 INFO o.a.j.JMeter: java.vm.name=Java HotSpot(TM) 64-Bit Server VM
2020-04-19 22:30:09,363 INFO o.a.j.JMeter: os.name=Mac OS X
2020-04-19 22:30:09,363 INFO o.a.j.JMeter: os.arch=x86_64
2020-04-19 22:30:09,363 INFO o.a.j.JMeter: os.version=10.14.6
2020-04-19 22:30:09,363 INFO o.a.j.JMeter: file.encoding=UTF-8
2020-04-19 22:30:09,364 INFO o.a.j.JMeter: java.awt.headless=null
2020-04-19 22:30:09,364 INFO o.a.j.JMeter: Max memory     =1073741824
2020-04-19 22:30:09,364 INFO o.a.j.JMeter: Available Processors =8
2020-04-19 22:30:09,374 INFO o.a.j.JMeter: Default Locale=English (EN)
2020-04-19 22:30:09,374 INFO o.a.j.JMeter: JMeter  Locale=English (EN)
2020-04-19 22:30:09,374 INFO o.a.j.JMeter: JMeterHome=/usr/local/Cellar/jmeter/5.2
2020-04-19 22:30:09,374 INFO o.a.j.JMeter: user.dir  =/Users/carlos/Workshops/api_loadtest
2020-04-19 22:30:09,375 INFO o.a.j.JMeter: PWD       =/Users/carlos/Workshops/api_loadtest
2020-04-19 22:30:09,376 INFO o.a.j.JMeter: IP: 192.168.1.3 Name: WITSC02W6082HTD FullName: 192.168.1.3
