2020-05-21 16:34:11,319 INFO o.a.j.u.JMeterUtils: Setting Locale to en_EN
2020-05-21 16:34:11,370 INFO o.a.j.JMeter: Loading user properties from: /usr/local/Cellar/jmeter/5.3/bin/user.properties
2020-05-21 16:34:11,372 INFO o.a.j.JMeter: Loading system properties from: /usr/local/Cellar/jmeter/5.3/bin/system.properties
2020-05-21 16:34:11,375 INFO o.a.j.JMeter: Copyright (c) 1998-2020 The Apache Software Foundation
2020-05-21 16:34:11,376 INFO o.a.j.JMeter: Version 5.3
2020-05-21 16:34:11,376 INFO o.a.j.JMeter: java.version=11.0.4
2020-05-21 16:34:11,376 INFO o.a.j.JMeter: java.vm.name=Java HotSpot(TM) 64-Bit Server VM
2020-05-21 16:34:11,376 INFO o.a.j.JMeter: os.name=Mac OS X
2020-05-21 16:34:11,376 INFO o.a.j.JMeter: os.arch=x86_64
2020-05-21 16:34:11,376 INFO o.a.j.JMeter: os.version=10.14.6
2020-05-21 16:34:11,376 INFO o.a.j.JMeter: file.encoding=UTF-8
2020-05-21 16:34:11,377 INFO o.a.j.JMeter: java.awt.headless=null
2020-05-21 16:34:11,377 INFO o.a.j.JMeter: Max memory     =1073741824
2020-05-21 16:34:11,377 INFO o.a.j.JMeter: Available Processors =8
2020-05-21 16:34:11,396 INFO o.a.j.JMeter: Default Locale=English (EN)
2020-05-21 16:34:11,398 INFO o.a.j.JMeter: JMeter  Locale=English (EN)
2020-05-21 16:34:11,398 INFO o.a.j.JMeter: JMeterHome=/usr/local/Cellar/jmeter/5.3
2020-05-21 16:34:11,398 INFO o.a.j.JMeter: user.dir  =/Users/carlos/Workshops/api_loadtest/taurus_scripts
2020-05-21 16:34:11,398 INFO o.a.j.JMeter: PWD       =/Users/carlos/Workshops/api_loadtest/taurus_scripts
2020-05-21 16:34:11,401 INFO o.a.j.JMeter: IP: 192.168.1.17 Name: WITSC02W6082HTD FullName: 192.168.1.17
2020-05-21 16:34:12,217 INFO o.a.j.JMeter: Setting LAF to: laf:com.apple.laf.AquaLookAndFeel
2020-05-21 16:34:14,065 INFO o.a.j.JMeter: Loaded icon properties from org/apache/jmeter/images/icon.properties
2020-05-21 16:34:15,833 INFO o.j.r.JARSourceHTTP: Found cached repo
2020-05-21 16:34:16,073 INFO o.j.r.PluginManager: Plugins Status: [jpgc-graphs-basic=2.0, jpgc-casutg=2.9, jpgc-dummy=0.4, jpgc-plugins-manager=1.4, jmeter-core=5.3, jmeter-ftp=5.3, jmeter-http=5.3, jmeter-jdbc=5.3, jmeter-jms=5.3, jmeter-junit=5.3, jmeter-java=5.3, jmeter-ldap=5.3, jmeter-mail=5.3, jmeter-mongodb=5.3, jmeter-native=5.3, jmeter-tcp=5.3, jmeter-components=5.3]
2020-05-21 16:34:25,456 INFO o.a.j.s.FileServer: Default base='/Users/carlos/Workshops/api_loadtest/taurus_scripts'
2020-05-21 16:34:25,460 INFO o.a.j.g.a.Load: Loading file: /Users/carlos/Workshops/api_loadtest/taurus_scripts/student_crud_jmeter.jmx
2020-05-21 16:34:25,461 INFO o.a.j.s.FileServer: Set new base='/Users/carlos/Workshops/api_loadtest/taurus_scripts'
2020-05-21 16:34:25,628 INFO o.a.j.s.SaveService: Testplan (JMX) version: 2.2. Testlog (JTL) version: 2.2
2020-05-21 16:34:25,646 INFO o.a.j.s.SaveService: Using SaveService properties version 5.0
2020-05-21 16:34:25,649 INFO o.a.j.s.SaveService: Using SaveService properties file encoding UTF-8
2020-05-21 16:34:25,651 INFO o.a.j.s.SaveService: Loading file: /Users/carlos/Workshops/api_loadtest/taurus_scripts/student_crud_jmeter.jmx
2020-05-21 16:34:25,836 INFO o.a.j.p.h.s.HTTPSamplerBase: Parser for text/html is org.apache.jmeter.protocol.http.parser.LagartoBasedHtmlParser
2020-05-21 16:34:25,836 INFO o.a.j.p.h.s.HTTPSamplerBase: Parser for application/xhtml+xml is org.apache.jmeter.protocol.http.parser.LagartoBasedHtmlParser
2020-05-21 16:34:25,837 INFO o.a.j.p.h.s.HTTPSamplerBase: Parser for application/xml is org.apache.jmeter.protocol.http.parser.LagartoBasedHtmlParser
2020-05-21 16:34:25,837 INFO o.a.j.p.h.s.HTTPSamplerBase: Parser for text/xml is org.apache.jmeter.protocol.http.parser.LagartoBasedHtmlParser
2020-05-21 16:34:25,837 INFO o.a.j.p.h.s.HTTPSamplerBase: Parser for text/vnd.wap.wml is org.apache.jmeter.protocol.http.parser.RegexpHTMLParser
2020-05-21 16:34:25,837 INFO o.a.j.p.h.s.HTTPSamplerBase: Parser for text/css is org.apache.jmeter.protocol.http.parser.CssParser
2020-05-21 16:34:26,077 INFO o.a.j.s.SampleResult: Note: Sample TimeStamps are START times
2020-05-21 16:34:26,077 INFO o.a.j.s.SampleResult: sampleresult.default.encoding is set to ISO-8859-1
2020-05-21 16:34:26,077 INFO o.a.j.s.SampleResult: sampleresult.useNanoTime=true
2020-05-21 16:34:26,077 INFO o.a.j.s.SampleResult: sampleresult.nanoThreadSleep=5000
2020-05-21 16:34:26,319 INFO o.a.j.v.ViewResultsFullVisualizer: Add JavaFX to your Java installation if you want to use renderer: org.apache.jmeter.visualizers.RenderInBrowser
2020-05-21 16:34:26,485 INFO o.a.j.s.FileServer: Set new base='/Users/carlos/Workshops/api_loadtest/taurus_scripts'
